2025-03-11 18:46:46,075 - INFO: рабочий каталог: /home/fidel/test-portproton
2025-03-11 18:46:46,130 - DEBUG: принятые аргументы: []
2025-03-11 18:48:56,575 - DEBUG: принятые аргументы: []
2025-03-11 18:49:17,066 - DEBUG: принятые аргументы: []
2025-03-11 18:50:16,535 - DEBUG: принятые аргументы: []
2025-03-11 18:51:10,495 - INFO: TEST
2025-03-11 18:51:22,134 - DEBUG: принятые аргументы: []
2025-03-11 18:51:22,134 - INFO: TEST
2025-03-11 18:52:18,243 - INFO: TEST
2025-03-11 18:52:26,297 - INFO: TEST
2025-03-11 18:54:41,762 - INFO: INFO
2025-03-11 18:54:48,185 - INFO: INFO
2025-03-11 18:54:48,185 - DEBUG: DEBUG
2025-03-11 19:02:21,518 - CRITICAL: Переменная DEBUG не определена
2025-03-11 19:04:35,945 - WARNING: Переменная DEBUG не определена
2025-03-11 19:04:35,945 - INFO: INFO
2025-03-11 19:04:54,288 - INFO: INFO
2025-03-11 19:06:01,603 - INFO: INFO
2025-03-11 19:06:22,400 - INFO: INFO
2025-03-11 19:06:32,043 - INFO: INFO
2025-03-11 19:06:42,873 - INFO: INFO
2025-03-11 19:07:11,379 - INFO: INFO
2025-03-11 19:07:30,165 - DEBUG: принятые аргументы: []
2025-03-11 19:07:30,165 - INFO: INFO
2025-03-11 19:07:43,147 - DEBUG: принятые аргументы: []
2025-03-11 19:07:43,147 - INFO: INFO
2025-03-11 19:07:55,624 - WARNING: Переменная DEBUG не определена
2025-03-11 19:07:55,624 - INFO: INFO
2025-03-11 19:10:07,740 - INFO: INFO
2025-03-11 19:10:55,273 - INFO: INFO
2025-03-11 19:11:33,201 - DEBUG: принятые аргументы: []
2025-03-11 19:11:33,201 - INFO: INFO
2025-03-11 19:14:20,323 - DEBUG: принятые аргументы: []
2025-03-11 19:14:20,324 - INFO: INFO
2025-03-11 19:14:22,387 - DEBUG: принятые аргументы: []
2025-03-11 19:14:22,387 - INFO: INFO
2025-03-11 19:14:55,020 - DEBUG: принятые аргументы: []
2025-03-11 19:14:55,021 - INFO: INFO
2025-03-11 19:15:45,706 - CRITICAL: Переменная DEBUG не определена
2025-03-11 19:16:14,883 - INFO: INFO
2025-03-11 19:16:18,910 - DEBUG: принятые аргументы: []
2025-03-11 19:16:18,911 - INFO: INFO
2025-03-11 19:16:29,755 - DEBUG: принятые аргументы: []
2025-03-11 19:16:29,755 - INFO: INFO
2025-03-11 19:16:33,178 - DEBUG: принятые аргументы: []
2025-03-11 19:16:33,178 - INFO: INFO
2025-03-11 19:16:36,677 - INFO: INFO
2025-03-11 19:16:41,800 - INFO: INFO
2025-03-11 19:16:50,838 - DEBUG: принятые аргументы: []
2025-03-11 19:16:50,838 - INFO: INFO
2025-03-11 19:17:58,653 - INFO: INFO
2025-03-11 19:18:01,917 - DEBUG: принятые аргументы: []
2025-03-11 19:18:01,917 - INFO: INFO
2025-03-11 19:18:07,632 - INFO: INFO
2025-03-11 19:18:11,506 - DEBUG: принятые аргументы: []
2025-03-11 19:18:11,506 - INFO: INFO
2025-03-11 19:18:42,258 - DEBUG: принятые аргументы: []
2025-03-11 19:18:42,258 - INFO: INFO
2025-03-11 19:18:42,258 - INFO: Файл /tmp/.private/fidel/portproton/proton-ge-custom.tmp существует и был обновлён менее 3 часов назад. Используем кэшированные данные.
2025-03-11 19:18:42,258 - INFO: Файл /tmp/.private/fidel/portproton/wine-ge-custom.tmp существует и был обновлён менее 3 часов назад. Используем кэшированные данные.
2025-03-11 19:18:42,258 - INFO: Файл /tmp/.private/fidel/portproton/Kron4ek.tmp существует и был обновлён менее 3 часов назад. Используем кэшированные данные.
2025-03-11 19:18:42,258 - INFO: Файл /tmp/.private/fidel/portproton/proton-cachyos.tmp существует и был обновлён менее 3 часов назад. Используем кэшированные данные.
2025-03-11 19:18:42,258 - INFO: Файл /tmp/.private/fidel/portproton/LG.tmp существует и был обновлён менее 3 часов назад. Используем кэшированные данные.
2025-03-11 19:18:42,258 - INFO: Файл /tmp/.private/fidel/portproton/LG_mirror.tmp существует и был обновлён менее 3 часов назад. Используем кэшированные данные.
2025-03-11 19:18:42,258 - DEBUG: Запрашиваемый каталог 'proton-cachyos-9.0-20250126-slr-x86_64_v3' найден в '/home/fidel/test-portproton/data/dist'.
2025-03-11 19:18:53,047 - DEBUG: принятые аргументы: []
2025-03-11 19:18:53,048 - INFO: INFO
2025-03-11 19:18:53,048 - INFO: Файл /tmp/.private/fidel/portproton/proton-ge-custom.tmp существует и был обновлён менее 3 часов назад. Используем кэшированные данные.
2025-03-11 19:18:53,048 - INFO: Файл /tmp/.private/fidel/portproton/wine-ge-custom.tmp существует и был обновлён менее 3 часов назад. Используем кэшированные данные.
2025-03-11 19:18:53,048 - INFO: Файл /tmp/.private/fidel/portproton/Kron4ek.tmp существует и был обновлён менее 3 часов назад. Используем кэшированные данные.
2025-03-11 19:18:53,048 - INFO: Файл /tmp/.private/fidel/portproton/proton-cachyos.tmp существует и был обновлён менее 3 часов назад. Используем кэшированные данные.
2025-03-11 19:18:53,048 - INFO: Файл /tmp/.private/fidel/portproton/LG.tmp существует и был обновлён менее 3 часов назад. Используем кэшированные данные.
2025-03-11 19:18:53,048 - INFO: Файл /tmp/.private/fidel/portproton/LG_mirror.tmp существует и был обновлён менее 3 часов назад. Используем кэшированные данные.
2025-03-11 19:18:53,048 - DEBUG: Запрашиваемый каталог 'proton-cachyos-9.0-20250126-slr-x86_64_v3' найден в '/home/fidel/test-portproton/data/dist'.
2025-03-11 19:20:16,112 - INFO: INFO
2025-03-11 19:20:16,112 - INFO: Файл /tmp/.private/fidel/portproton/proton-ge-custom.tmp существует и был обновлён менее 3 часов назад. Используем кэшированные данные.
2025-03-11 19:20:16,112 - INFO: Файл /tmp/.private/fidel/portproton/wine-ge-custom.tmp существует и был обновлён менее 3 часов назад. Используем кэшированные данные.
2025-03-11 19:20:16,112 - INFO: Файл /tmp/.private/fidel/portproton/Kron4ek.tmp существует и был обновлён менее 3 часов назад. Используем кэшированные данные.
2025-03-11 19:20:16,112 - INFO: Файл /tmp/.private/fidel/portproton/proton-cachyos.tmp существует и был обновлён менее 3 часов назад. Используем кэшированные данные.
2025-03-11 19:20:16,112 - INFO: Файл /tmp/.private/fidel/portproton/LG.tmp существует и был обновлён менее 3 часов назад. Используем кэшированные данные.
2025-03-11 19:20:16,112 - INFO: Файл /tmp/.private/fidel/portproton/LG_mirror.tmp существует и был обновлён менее 3 часов назад. Используем кэшированные данные.
2025-03-11 19:20:23,556 - DEBUG: принятые аргументы: []
2025-03-11 19:20:23,557 - INFO: INFO
2025-03-11 19:20:23,557 - INFO: Файл /tmp/.private/fidel/portproton/proton-ge-custom.tmp существует и был обновлён менее 3 часов назад. Используем кэшированные данные.
2025-03-11 19:20:23,557 - INFO: Файл /tmp/.private/fidel/portproton/wine-ge-custom.tmp существует и был обновлён менее 3 часов назад. Используем кэшированные данные.
2025-03-11 19:20:23,557 - INFO: Файл /tmp/.private/fidel/portproton/Kron4ek.tmp существует и был обновлён менее 3 часов назад. Используем кэшированные данные.
2025-03-11 19:20:23,557 - INFO: Файл /tmp/.private/fidel/portproton/proton-cachyos.tmp существует и был обновлён менее 3 часов назад. Используем кэшированные данные.
2025-03-11 19:20:23,557 - INFO: Файл /tmp/.private/fidel/portproton/LG.tmp существует и был обновлён менее 3 часов назад. Используем кэшированные данные.
2025-03-11 19:20:23,557 - INFO: Файл /tmp/.private/fidel/portproton/LG_mirror.tmp существует и был обновлён менее 3 часов назад. Используем кэшированные данные.
2025-03-11 19:20:23,557 - DEBUG: Запрашиваемый каталог 'proton-cachyos-9.0-20250126-slr-x86_64_v3' найден в '/home/fidel/test-portproton/data/dist'.
2025-03-11 19:20:51,540 - INFO: INFO
2025-03-11 19:21:05,584 - INFO: INFO
2025-03-11 19:21:05,584 - INFO: Файл /tmp/.private/fidel/portproton/proton-ge-custom.tmp существует и был обновлён менее 3 часов назад. Используем кэшированные данные.
2025-03-11 19:21:05,584 - INFO: Файл /tmp/.private/fidel/portproton/wine-ge-custom.tmp существует и был обновлён менее 3 часов назад. Используем кэшированные данные.
2025-03-11 19:21:05,584 - INFO: Файл /tmp/.private/fidel/portproton/Kron4ek.tmp существует и был обновлён менее 3 часов назад. Используем кэшированные данные.
2025-03-11 19:21:05,584 - INFO: Файл /tmp/.private/fidel/portproton/proton-cachyos.tmp существует и был обновлён менее 3 часов назад. Используем кэшированные данные.
2025-03-11 19:21:05,584 - INFO: Файл /tmp/.private/fidel/portproton/LG.tmp существует и был обновлён менее 3 часов назад. Используем кэшированные данные.
2025-03-11 19:21:05,584 - INFO: Файл /tmp/.private/fidel/portproton/LG_mirror.tmp существует и был обновлён менее 3 часов назад. Используем кэшированные данные.
2025-03-11 19:21:52,075 - INFO: INFO
2025-03-11 19:21:52,075 - INFO: Файл /tmp/.private/fidel/portproton/proton-ge-custom.tmp существует и был обновлён менее 3 часов назад. Используем кэшированные данные.
2025-03-11 19:21:52,075 - INFO: Файл /tmp/.private/fidel/portproton/wine-ge-custom.tmp существует и был обновлён менее 3 часов назад. Используем кэшированные данные.
2025-03-11 19:21:52,075 - INFO: Файл /tmp/.private/fidel/portproton/Kron4ek.tmp существует и был обновлён менее 3 часов назад. Используем кэшированные данные.
2025-03-11 19:21:52,075 - INFO: Файл /tmp/.private/fidel/portproton/proton-cachyos.tmp существует и был обновлён менее 3 часов назад. Используем кэшированные данные.
2025-03-11 19:21:52,075 - INFO: Файл /tmp/.private/fidel/portproton/LG.tmp существует и был обновлён менее 3 часов назад. Используем кэшированные данные.
2025-03-11 19:21:52,075 - INFO: Файл /tmp/.private/fidel/portproton/LG_mirror.tmp существует и был обновлён менее 3 часов назад. Используем кэшированные данные.
2025-03-11 19:21:52,076 - CRITICAL: WINE не найден в файле /tmp/.private/fidel/portproton/LG_mirror.tmp. Завершение! Проверьте корректность переданного имени wine/proton.
2025-03-11 19:22:23,176 - INFO: INFO
2025-03-11 19:22:23,176 - INFO: Файл /tmp/.private/fidel/portproton/proton-ge-custom.tmp существует и был обновлён менее 3 часов назад. Используем кэшированные данные.
2025-03-11 19:22:23,176 - INFO: Файл /tmp/.private/fidel/portproton/wine-ge-custom.tmp существует и был обновлён менее 3 часов назад. Используем кэшированные данные.
2025-03-11 19:22:23,176 - INFO: Файл /tmp/.private/fidel/portproton/Kron4ek.tmp существует и был обновлён менее 3 часов назад. Используем кэшированные данные.
2025-03-11 19:22:23,176 - INFO: Файл /tmp/.private/fidel/portproton/proton-cachyos.tmp существует и был обновлён менее 3 часов назад. Используем кэшированные данные.
2025-03-11 19:22:23,176 - INFO: Файл /tmp/.private/fidel/portproton/LG.tmp существует и был обновлён менее 3 часов назад. Используем кэшированные данные.
2025-03-11 19:22:23,177 - INFO: Файл /tmp/.private/fidel/portproton/LG_mirror.tmp существует и был обновлён менее 3 часов назад. Используем кэшированные данные.
2025-03-11 19:30:31,377 - INFO: Файл /tmp/.private/fidel/portproton/proton-ge-custom.tmp существует и был обновлён менее 3 часов назад. Используем кэшированные данные.
2025-03-11 19:30:31,377 - INFO: Файл /tmp/.private/fidel/portproton/wine-ge-custom.tmp существует и был обновлён менее 3 часов назад. Используем кэшированные данные.
2025-03-11 19:30:31,377 - INFO: Файл /tmp/.private/fidel/portproton/Kron4ek.tmp существует и был обновлён менее 3 часов назад. Используем кэшированные данные.
2025-03-11 19:30:31,377 - INFO: Файл /tmp/.private/fidel/portproton/proton-cachyos.tmp существует и был обновлён менее 3 часов назад. Используем кэшированные данные.
2025-03-11 19:30:31,377 - INFO: Файл /tmp/.private/fidel/portproton/LG.tmp существует и был обновлён менее 3 часов назад. Используем кэшированные данные.
2025-03-11 19:30:31,377 - INFO: Файл /tmp/.private/fidel/portproton/LG_mirror.tmp существует и был обновлён менее 3 часов назад. Используем кэшированные данные.
2025-03-11 19:30:31,378 - CRITICAL: list не найден в файле /tmp/.private/fidel/portproton/LG_mirror.tmp. Завершение! Проверьте корректность переданного имени wine/proton.
